-------------------------------------------------------------------------------
Test set: automation.StandAloneTesNGImpl2Test
-------------------------------------------------------------------------------
Tests run: 2, Failures: 2, Errors: 0, Skipped: 0, Time elapsed: 16.48 s <<< FAILURE! - in automation.StandAloneTesNGImpl2Test
createOrder(automation.StandAloneTesNGImpl2Test)  Time elapsed: 0.026 s  <<< FAILURE!
java.lang.NullPointerException: Cannot invoke "org.openqa.selenium.WebDriver.findElement(org.openqa.selenium.By)" because "driver" is null
	at automation.StandAloneTesNGImpl2Test.createOrder(StandAloneTesNGImpl2Test.java:48)

tearDown(automation.StandAloneTesNGImpl2Test)  Time elapsed: 0.029 s  <<< FAILURE!
java.lang.NullPointerException: Cannot invoke "org.openqa.selenium.WebDriver.close()" because "this.driver" is null
	at automation.StandAloneTesNGImpl2Test.tearDown(StandAloneTesNGImpl2Test.java:130)

